<?xml version="1.0" encoding="utf-8" standalone="no"?>
<!--This file represents the results of running a test suite-->
<test-results name="C:\Users\batoshi\Desktop\IKZ2013\IKZavrsni\IKZavrsni\bin\Debug\DBConnection.dll" total="11" errors="0" failures="0" not-run="0" inconclusive="0" ignored="0" skipped="0" invalid="0" date="2013-09-18" time="20:43:07">
  <environment nunit-version="2.6.2.12296" clr-version="2.0.50727.5472" os-version="Microsoft Windows NT 6.1.7601 Service Pack 1" platform="Win32NT" cwd="C:\Program Files (x86)\NUnit 2.6.2\bin" machine-name="BATOSHI-PC" user="batoshi" user-domain="batoshi-PC" />
  <culture-info current-culture="bs-Latn-BA" current-uiculture="en-US" />
  <test-suite type="Assembly" name="C:\Users\batoshi\Desktop\IKZ2013\IKZavrsni\IKZavrsni\bin\Debug\DBConnection.dll" executed="True" result="Success" success="True" time="0.284" asserts="0">
    <results>
      <test-suite type="Namespace" name="DBConnection" executed="True" result="Success" success="True" time="0.229" asserts="0">
        <results>
          <test-suite type="TestFixture" name="KorisnikTest" executed="True" result="Success" success="True" time="0.207" asserts="0">
            <results>
              <test-case name="DBConnection.KorisnikTest.AdresaTest" executed="True" result="Success" success="True" time="0.063" asserts="1" />
              <test-case name="DBConnection.KorisnikTest.EmailTest" executed="True" result="Success" success="True" time="0.001" asserts="1" />
              <test-case name="DBConnection.KorisnikTest.FiksniTelefonTest" executed="True" result="Success" success="True" time="0.000" asserts="1" />
              <test-case name="DBConnection.KorisnikTest.GradTest" executed="True" result="Success" success="True" time="0.001" asserts="1" />
              <test-case name="DBConnection.KorisnikTest.ImeTest" executed="True" result="Success" success="True" time="0.000" asserts="1" />
              <test-case name="DBConnection.KorisnikTest.KorisnickoImeTest" executed="True" result="Success" success="True" time="0.001" asserts="1" />
              <test-case name="DBConnection.KorisnikTest.LozinkaImeTest" executed="True" result="Success" success="True" time="0.001" asserts="1" />
              <test-case name="DBConnection.KorisnikTest.MobilniTelefonTest" executed="True" result="Success" success="True" time="0.001" asserts="1" />
              <test-case name="DBConnection.KorisnikTest.PrezimeTest" executed="True" result="Success" success="True" time="0.000" asserts="1" />
            </results>
          </test-suite>
          <test-suite type="TestFixture" name="NekretninaTest" executed="True" result="Success" success="True" time="0.003" asserts="0">
            <results>
              <test-case name="DBConnection.NekretninaTest.VrstaTest" executed="True" result="Success" success="True" time="0.000" asserts="0" />
            </results>
          </test-suite>
          <test-suite type="TestFixture" name="VrstaRashodaTest" executed="True" result="Success" success="True" time="0.003" asserts="0">
            <results>
              <test-case name="DBConnection.VrstaRashodaTest.NazivTest" executed="True" result="Success" success="True" time="0.002" asserts="1" />
            </results>
          </test-suite>
        </results>
      </test-suite>
    </results>
  </test-suite>
</test-results>